nohup: ignoring input
/opt/conda/envs/tf1.14/lib/python3.7/site-packages/tensorflow/python/framework/dtypes.py:516: FutureWarning: Passing (type, 1) or '1type' as a synonym of type is deprecated; in a future version of numpy, it will be understood as (type, (1,)) / '(1,)type'.
  _np_qint8 = np.dtype([("qint8", np.int8, 1)])
/opt/conda/envs/tf1.14/lib/python3.7/site-packages/tensorflow/python/framework/dtypes.py:517: FutureWarning: Passing (type, 1) or '1type' as a synonym of type is deprecated; in a future version of numpy, it will be understood as (type, (1,)) / '(1,)type'.
  _np_quint8 = np.dtype([("quint8", np.uint8, 1)])
/opt/conda/envs/tf1.14/lib/python3.7/site-packages/tensorflow/python/framework/dtypes.py:518: FutureWarning: Passing (type, 1) or '1type' as a synonym of type is deprecated; in a future version of numpy, it will be understood as (type, (1,)) / '(1,)type'.
  _np_qint16 = np.dtype([("qint16", np.int16, 1)])
/opt/conda/envs/tf1.14/lib/python3.7/site-packages/tensorflow/python/framework/dtypes.py:519: FutureWarning: Passing (type, 1) or '1type' as a synonym of type is deprecated; in a future version of numpy, it will be understood as (type, (1,)) / '(1,)type'.
  _np_quint16 = np.dtype([("quint16", np.uint16, 1)])
/opt/conda/envs/tf1.14/lib/python3.7/site-packages/tensorflow/python/framework/dtypes.py:520: FutureWarning: Passing (type, 1) or '1type' as a synonym of type is deprecated; in a future version of numpy, it will be understood as (type, (1,)) / '(1,)type'.
  _np_qint32 = np.dtype([("qint32", np.int32, 1)])
/opt/conda/envs/tf1.14/lib/python3.7/site-packages/tensorflow/python/framework/dtypes.py:525: FutureWarning: Passing (type, 1) or '1type' as a synonym of type is deprecated; in a future version of numpy, it will be understood as (type, (1,)) / '(1,)type'.
  np_resource = np.dtype([("resource", np.ubyte, 1)])
Using TensorFlow backend.
Building prefix dict from the default dictionary ...
Loading model from cache /tmp/jieba.cache
Loading model cost 0.725 seconds.
Prefix dict has been built successfully.
WARNING:tensorflow:From /root/.local/lib/python3.7/site-packages/keras/backend/tensorflow_backend.py:3170: add_dispatch_support.<locals>.wrapper (from tensorflow.python.ops.array_ops) is deprecated and will be removed in a future version.
Instructions for updating:
Use tf.where in 2.0, which has the same broadcast rule as np.where
2021-11-06 11:16:07.867598: I tensorflow/core/platform/cpu_feature_guard.cc:142] Your CPU supports instructions that this TensorFlow binary was not compiled to use: SSE4.1 SSE4.2 AVX AVX2 AVX512F FMA
2021-11-06 11:16:07.887121: I tensorflow/core/platform/profile_utils/cpu_utils.cc:94] CPU Frequency: 2300000000 Hz
2021-11-06 11:16:07.887541: I tensorflow/compiler/xla/service/service.cc:168] XLA service 0x5629ed8e61b0 executing computations on platform Host. Devices:
2021-11-06 11:16:07.887625: I tensorflow/compiler/xla/service/service.cc:175]   StreamExecutor device (0): <undefined>, <undefined>
2021-11-06 11:16:07.888875: I tensorflow/stream_executor/platform/default/dso_loader.cc:42] Successfully opened dynamic library libcuda.so.1
2021-11-06 11:16:07.974197: I tensorflow/core/common_runtime/gpu/gpu_device.cc:1640] Found device 0 with properties: 
name: Tesla V100-PCIE-32GB major: 7 minor: 0 memoryClockRate(GHz): 1.38
pciBusID: 0000:b5:00.0
2021-11-06 11:16:07.974570: I tensorflow/stream_executor/platform/default/dso_loader.cc:42] Successfully opened dynamic library libcudart.so.10.1
2021-11-06 11:16:07.976367: I tensorflow/stream_executor/platform/default/dso_loader.cc:42] Successfully opened dynamic library libcublas.so.10
2021-11-06 11:16:07.978238: I tensorflow/stream_executor/platform/default/dso_loader.cc:42] Successfully opened dynamic library libcufft.so.10
2021-11-06 11:16:07.978611: I tensorflow/stream_executor/platform/default/dso_loader.cc:42] Successfully opened dynamic library libcurand.so.10
2021-11-06 11:16:07.980522: I tensorflow/stream_executor/platform/default/dso_loader.cc:42] Successfully opened dynamic library libcusolver.so.10
2021-11-06 11:16:07.981686: I tensorflow/stream_executor/platform/default/dso_loader.cc:42] Successfully opened dynamic library libcusparse.so.10
2021-11-06 11:16:07.986055: I tensorflow/stream_executor/platform/default/dso_loader.cc:42] Successfully opened dynamic library libcudnn.so.7
2021-11-06 11:16:07.989770: I tensorflow/core/common_runtime/gpu/gpu_device.cc:1763] Adding visible gpu devices: 0
2021-11-06 11:16:07.989879: I tensorflow/stream_executor/platform/default/dso_loader.cc:42] Successfully opened dynamic library libcudart.so.10.1
2021-11-06 11:16:08.171900: I tensorflow/core/common_runtime/gpu/gpu_device.cc:1181] Device interconnect StreamExecutor with strength 1 edge matrix:
2021-11-06 11:16:08.172023: I tensorflow/core/common_runtime/gpu/gpu_device.cc:1187]      0 
2021-11-06 11:16:08.172217: I tensorflow/core/common_runtime/gpu/gpu_device.cc:1200] 0:   N 
2021-11-06 11:16:08.177652: I tensorflow/core/common_runtime/gpu/gpu_device.cc:1326] Created TensorFlow device (/job:localhost/replica:0/task:0/device:GPU:0 with 30591 MB memory) -> physical GPU (device: 0, name: Tesla V100-PCIE-32GB, pci bus id: 0000:b5:00.0, compute capability: 7.0)
2021-11-06 11:16:08.179484: I tensorflow/compiler/xla/service/service.cc:168] XLA service 0x562a2b1921c0 executing computations on platform CUDA. Devices:
2021-11-06 11:16:08.179556: I tensorflow/compiler/xla/service/service.cc:175]   StreamExecutor device (0): Tesla V100-PCIE-32GB, Compute Capability 7.0
/root/.local/lib/python3.7/site-packages/keras/engine/training_utils.py:819: UserWarning: Output cross_entropy_1 missing from loss dictionary. We assume this was done on purpose. The fit and evaluate APIs will not be expecting any data to be passed to cross_entropy_1.
  'be expecting any data to be passed to {0}.'.format(name))
WARNING:tensorflow:From /root/.local/lib/python3.7/site-packages/keras/backend/tensorflow_backend.py:422: The name tf.global_variables is deprecated. Please use tf.compat.v1.global_variables instead.

2021-11-06 11:17:58.627129: I tensorflow/stream_executor/platform/default/dso_loader.cc:42] Successfully opened dynamic library libcublas.so.10
500
24
Model: "model_1"
__________________________________________________________________________________________________
Layer (type)                    Output Shape         Param #     Connected to                     
==================================================================================================
Encoder-Input-Token (InputLayer (None, None)         0                                            
__________________________________________________________________________________________________
Embedding-Token (Embedding)     (None, None, 768)    38400000    Encoder-Input-Token[0][0]        
__________________________________________________________________________________________________
Encoder-Embedding-Dropout (Drop (None, None, 768)    0           Embedding-Token[0][0]            
__________________________________________________________________________________________________
Encoder-Transformer-0-MultiHead (None, None, 768)    768         Encoder-Embedding-Dropout[0][0]  
__________________________________________________________________________________________________
Encoder-Embedding-Relative-Posi (None, None, 12)     384         Encoder-Embedding-Dropout[0][0]  
                                                                 Encoder-Embedding-Dropout[0][0]  
__________________________________________________________________________________________________
Encoder-Transformer-0-MultiHead (None, None, 768)    2359296     Encoder-Transformer-0-MultiHeadSe
                                                                 Encoder-Transformer-0-MultiHeadSe
                                                                 Encoder-Transformer-0-MultiHeadSe
                                                                 Encoder-Embedding-Relative-Positi
__________________________________________________________________________________________________
Encoder-Transformer-0-MultiHead (None, None, 768)    0           Encoder-Transformer-0-MultiHeadSe
__________________________________________________________________________________________________
Encoder-Transformer-0-MultiHead (None, None, 768)    0           Encoder-Embedding-Dropout[0][0]  
                                                                 Encoder-Transformer-0-MultiHeadSe
__________________________________________________________________________________________________
Encoder-Transformer-0-FeedForwa (None, None, 768)    768         Encoder-Transformer-0-MultiHeadSe
__________________________________________________________________________________________________
Encoder-Transformer-0-FeedForwa (None, None, 768)    4718592     Encoder-Transformer-0-FeedForward
__________________________________________________________________________________________________
Encoder-Transformer-0-FeedForwa (None, None, 768)    0           Encoder-Transformer-0-FeedForward
__________________________________________________________________________________________________
Encoder-Transformer-0-FeedForwa (None, None, 768)    0           Encoder-Transformer-0-MultiHeadSe
                                                                 Encoder-Transformer-0-FeedForward
__________________________________________________________________________________________________
Encoder-Transformer-1-MultiHead (None, None, 768)    768         Encoder-Transformer-0-FeedForward
__________________________________________________________________________________________________
Encoder-Transformer-1-MultiHead (None, None, 768)    2359296     Encoder-Transformer-1-MultiHeadSe
                                                                 Encoder-Transformer-1-MultiHeadSe
                                                                 Encoder-Transformer-1-MultiHeadSe
                                                                 Encoder-Embedding-Relative-Positi
__________________________________________________________________________________________________
Encoder-Transformer-1-MultiHead (None, None, 768)    0           Encoder-Transformer-1-MultiHeadSe
__________________________________________________________________________________________________
Encoder-Transformer-1-MultiHead (None, None, 768)    0           Encoder-Transformer-0-FeedForward
                                                                 Encoder-Transformer-1-MultiHeadSe
__________________________________________________________________________________________________
Encoder-Transformer-1-FeedForwa (None, None, 768)    768         Encoder-Transformer-1-MultiHeadSe
__________________________________________________________________________________________________
Encoder-Transformer-1-FeedForwa (None, None, 768)    4718592     Encoder-Transformer-1-FeedForward
__________________________________________________________________________________________________
Encoder-Transformer-1-FeedForwa (None, None, 768)    0           Encoder-Transformer-1-FeedForward
__________________________________________________________________________________________________
Encoder-Transformer-1-FeedForwa (None, None, 768)    0           Encoder-Transformer-1-MultiHeadSe
                                                                 Encoder-Transformer-1-FeedForward
__________________________________________________________________________________________________
Encoder-Transformer-2-MultiHead (None, None, 768)    768         Encoder-Transformer-1-FeedForward
__________________________________________________________________________________________________
Encoder-Transformer-2-MultiHead (None, None, 768)    2359296     Encoder-Transformer-2-MultiHeadSe
                                                                 Encoder-Transformer-2-MultiHeadSe
                                                                 Encoder-Transformer-2-MultiHeadSe
                                                                 Encoder-Embedding-Relative-Positi
__________________________________________________________________________________________________
Encoder-Transformer-2-MultiHead (None, None, 768)    0           Encoder-Transformer-2-MultiHeadSe
__________________________________________________________________________________________________
Encoder-Transformer-2-MultiHead (None, None, 768)    0           Encoder-Transformer-1-FeedForward
                                                                 Encoder-Transformer-2-MultiHeadSe
__________________________________________________________________________________________________
Encoder-Transformer-2-FeedForwa (None, None, 768)    768         Encoder-Transformer-2-MultiHeadSe
__________________________________________________________________________________________________
Encoder-Transformer-2-FeedForwa (None, None, 768)    4718592     Encoder-Transformer-2-FeedForward
__________________________________________________________________________________________________
Encoder-Transformer-2-FeedForwa (None, None, 768)    0           Encoder-Transformer-2-FeedForward
__________________________________________________________________________________________________
Encoder-Transformer-2-FeedForwa (None, None, 768)    0           Encoder-Transformer-2-MultiHeadSe
                                                                 Encoder-Transformer-2-FeedForward
__________________________________________________________________________________________________
Encoder-Transformer-3-MultiHead (None, None, 768)    768         Encoder-Transformer-2-FeedForward
__________________________________________________________________________________________________
Encoder-Transformer-3-MultiHead (None, None, 768)    2359296     Encoder-Transformer-3-MultiHeadSe
                                                                 Encoder-Transformer-3-MultiHeadSe
                                                                 Encoder-Transformer-3-MultiHeadSe
                                                                 Encoder-Embedding-Relative-Positi
__________________________________________________________________________________________________
Encoder-Transformer-3-MultiHead (None, None, 768)    0           Encoder-Transformer-3-MultiHeadSe
__________________________________________________________________________________________________
Encoder-Transformer-3-MultiHead (None, None, 768)    0           Encoder-Transformer-2-FeedForward
                                                                 Encoder-Transformer-3-MultiHeadSe
__________________________________________________________________________________________________
Encoder-Transformer-3-FeedForwa (None, None, 768)    768         Encoder-Transformer-3-MultiHeadSe
__________________________________________________________________________________________________
Encoder-Transformer-3-FeedForwa (None, None, 768)    4718592     Encoder-Transformer-3-FeedForward
__________________________________________________________________________________________________
Encoder-Transformer-3-FeedForwa (None, None, 768)    0           Encoder-Transformer-3-FeedForward
__________________________________________________________________________________________________
Encoder-Transformer-3-FeedForwa (None, None, 768)    0           Encoder-Transformer-3-MultiHeadSe
                                                                 Encoder-Transformer-3-FeedForward
__________________________________________________________________________________________________
Encoder-Transformer-4-MultiHead (None, None, 768)    768         Encoder-Transformer-3-FeedForward
__________________________________________________________________________________________________
Encoder-Transformer-4-MultiHead (None, None, 768)    2359296     Encoder-Transformer-4-MultiHeadSe
                                                                 Encoder-Transformer-4-MultiHeadSe
                                                                 Encoder-Transformer-4-MultiHeadSe
                                                                 Encoder-Embedding-Relative-Positi
__________________________________________________________________________________________________
Encoder-Transformer-4-MultiHead (None, None, 768)    0           Encoder-Transformer-4-MultiHeadSe
__________________________________________________________________________________________________
Encoder-Transformer-4-MultiHead (None, None, 768)    0           Encoder-Transformer-3-FeedForward
                                                                 Encoder-Transformer-4-MultiHeadSe
__________________________________________________________________________________________________
Encoder-Transformer-4-FeedForwa (None, None, 768)    768         Encoder-Transformer-4-MultiHeadSe
__________________________________________________________________________________________________
Encoder-Transformer-4-FeedForwa (None, None, 768)    4718592     Encoder-Transformer-4-FeedForward
__________________________________________________________________________________________________
Encoder-Transformer-4-FeedForwa (None, None, 768)    0           Encoder-Transformer-4-FeedForward
__________________________________________________________________________________________________
Encoder-Transformer-4-FeedForwa (None, None, 768)    0           Encoder-Transformer-4-MultiHeadSe
                                                                 Encoder-Transformer-4-FeedForward
__________________________________________________________________________________________________
Encoder-Transformer-5-MultiHead (None, None, 768)    768         Encoder-Transformer-4-FeedForward
__________________________________________________________________________________________________
Encoder-Transformer-5-MultiHead (None, None, 768)    2359296     Encoder-Transformer-5-MultiHeadSe
                                                                 Encoder-Transformer-5-MultiHeadSe
                                                                 Encoder-Transformer-5-MultiHeadSe
                                                                 Encoder-Embedding-Relative-Positi
__________________________________________________________________________________________________
Encoder-Transformer-5-MultiHead (None, None, 768)    0           Encoder-Transformer-5-MultiHeadSe
__________________________________________________________________________________________________
Encoder-Transformer-5-MultiHead (None, None, 768)    0           Encoder-Transformer-4-FeedForward
                                                                 Encoder-Transformer-5-MultiHeadSe
__________________________________________________________________________________________________
Encoder-Transformer-5-FeedForwa (None, None, 768)    768         Encoder-Transformer-5-MultiHeadSe
__________________________________________________________________________________________________
Encoder-Transformer-5-FeedForwa (None, None, 768)    4718592     Encoder-Transformer-5-FeedForward
__________________________________________________________________________________________________
Encoder-Transformer-5-FeedForwa (None, None, 768)    0           Encoder-Transformer-5-FeedForward
__________________________________________________________________________________________________
Encoder-Transformer-5-FeedForwa (None, None, 768)    0           Encoder-Transformer-5-MultiHeadSe
                                                                 Encoder-Transformer-5-FeedForward
__________________________________________________________________________________________________
Encoder-Transformer-6-MultiHead (None, None, 768)    768         Encoder-Transformer-5-FeedForward
__________________________________________________________________________________________________
Encoder-Transformer-6-MultiHead (None, None, 768)    2359296     Encoder-Transformer-6-MultiHeadSe
                                                                 Encoder-Transformer-6-MultiHeadSe
                                                                 Encoder-Transformer-6-MultiHeadSe
                                                                 Encoder-Embedding-Relative-Positi
__________________________________________________________________________________________________
Encoder-Transformer-6-MultiHead (None, None, 768)    0           Encoder-Transformer-6-MultiHeadSe
__________________________________________________________________________________________________
Encoder-Transformer-6-MultiHead (None, None, 768)    0           Encoder-Transformer-5-FeedForward
                                                                 Encoder-Transformer-6-MultiHeadSe
__________________________________________________________________________________________________
Encoder-Transformer-6-FeedForwa (None, None, 768)    768         Encoder-Transformer-6-MultiHeadSe
__________________________________________________________________________________________________
Encoder-Transformer-6-FeedForwa (None, None, 768)    4718592     Encoder-Transformer-6-FeedForward
__________________________________________________________________________________________________
Encoder-Transformer-6-FeedForwa (None, None, 768)    0           Encoder-Transformer-6-FeedForward
__________________________________________________________________________________________________
Encoder-Transformer-6-FeedForwa (None, None, 768)    0           Encoder-Transformer-6-MultiHeadSe
                                                                 Encoder-Transformer-6-FeedForward
__________________________________________________________________________________________________
Encoder-Transformer-7-MultiHead (None, None, 768)    768         Encoder-Transformer-6-FeedForward
__________________________________________________________________________________________________
Encoder-Transformer-7-MultiHead (None, None, 768)    2359296     Encoder-Transformer-7-MultiHeadSe
                                                                 Encoder-Transformer-7-MultiHeadSe
                                                                 Encoder-Transformer-7-MultiHeadSe
                                                                 Encoder-Embedding-Relative-Positi
__________________________________________________________________________________________________
Encoder-Transformer-7-MultiHead (None, None, 768)    0           Encoder-Transformer-7-MultiHeadSe
__________________________________________________________________________________________________
Encoder-Transformer-7-MultiHead (None, None, 768)    0           Encoder-Transformer-6-FeedForward
                                                                 Encoder-Transformer-7-MultiHeadSe
__________________________________________________________________________________________________
Encoder-Transformer-7-FeedForwa (None, None, 768)    768         Encoder-Transformer-7-MultiHeadSe
__________________________________________________________________________________________________
Encoder-Transformer-7-FeedForwa (None, None, 768)    4718592     Encoder-Transformer-7-FeedForward
__________________________________________________________________________________________________
Encoder-Transformer-7-FeedForwa (None, None, 768)    0           Encoder-Transformer-7-FeedForward
__________________________________________________________________________________________________
Encoder-Transformer-7-FeedForwa (None, None, 768)    0           Encoder-Transformer-7-MultiHeadSe
                                                                 Encoder-Transformer-7-FeedForward
__________________________________________________________________________________________________
Encoder-Transformer-8-MultiHead (None, None, 768)    768         Encoder-Transformer-7-FeedForward
__________________________________________________________________________________________________
Encoder-Transformer-8-MultiHead (None, None, 768)    2359296     Encoder-Transformer-8-MultiHeadSe
                                                                 Encoder-Transformer-8-MultiHeadSe
                                                                 Encoder-Transformer-8-MultiHeadSe
                                                                 Encoder-Embedding-Relative-Positi
__________________________________________________________________________________________________
Encoder-Transformer-8-MultiHead (None, None, 768)    0           Encoder-Transformer-8-MultiHeadSe
__________________________________________________________________________________________________
Encoder-Transformer-8-MultiHead (None, None, 768)    0           Encoder-Transformer-7-FeedForward
                                                                 Encoder-Transformer-8-MultiHeadSe
__________________________________________________________________________________________________
Encoder-Transformer-8-FeedForwa (None, None, 768)    768         Encoder-Transformer-8-MultiHeadSe
__________________________________________________________________________________________________
Encoder-Transformer-8-FeedForwa (None, None, 768)    4718592     Encoder-Transformer-8-FeedForward
__________________________________________________________________________________________________
Encoder-Transformer-8-FeedForwa (None, None, 768)    0           Encoder-Transformer-8-FeedForward
__________________________________________________________________________________________________
Encoder-Transformer-8-FeedForwa (None, None, 768)    0           Encoder-Transformer-8-MultiHeadSe
                                                                 Encoder-Transformer-8-FeedForward
__________________________________________________________________________________________________
Encoder-Transformer-9-MultiHead (None, None, 768)    768         Encoder-Transformer-8-FeedForward
__________________________________________________________________________________________________
Encoder-Transformer-9-MultiHead (None, None, 768)    2359296     Encoder-Transformer-9-MultiHeadSe
                                                                 Encoder-Transformer-9-MultiHeadSe
                                                                 Encoder-Transformer-9-MultiHeadSe
                                                                 Encoder-Embedding-Relative-Positi
__________________________________________________________________________________________________
Encoder-Transformer-9-MultiHead (None, None, 768)    0           Encoder-Transformer-9-MultiHeadSe
__________________________________________________________________________________________________
Encoder-Transformer-9-MultiHead (None, None, 768)    0           Encoder-Transformer-8-FeedForward
                                                                 Encoder-Transformer-9-MultiHeadSe
__________________________________________________________________________________________________
Encoder-Transformer-9-FeedForwa (None, None, 768)    768         Encoder-Transformer-9-MultiHeadSe
__________________________________________________________________________________________________
Encoder-Transformer-9-FeedForwa (None, None, 768)    4718592     Encoder-Transformer-9-FeedForward
__________________________________________________________________________________________________
Encoder-Transformer-9-FeedForwa (None, None, 768)    0           Encoder-Transformer-9-FeedForward
__________________________________________________________________________________________________
Encoder-Transformer-9-FeedForwa (None, None, 768)    0           Encoder-Transformer-9-MultiHeadSe
                                                                 Encoder-Transformer-9-FeedForward
__________________________________________________________________________________________________
Encoder-Transformer-10-MultiHea (None, None, 768)    768         Encoder-Transformer-9-FeedForward
__________________________________________________________________________________________________
Encoder-Transformer-10-MultiHea (None, None, 768)    2359296     Encoder-Transformer-10-MultiHeadS
                                                                 Encoder-Transformer-10-MultiHeadS
                                                                 Encoder-Transformer-10-MultiHeadS
                                                                 Encoder-Embedding-Relative-Positi
__________________________________________________________________________________________________
Encoder-Transformer-10-MultiHea (None, None, 768)    0           Encoder-Transformer-10-MultiHeadS
__________________________________________________________________________________________________
Encoder-Transformer-10-MultiHea (None, None, 768)    0           Encoder-Transformer-9-FeedForward
                                                                 Encoder-Transformer-10-MultiHeadS
__________________________________________________________________________________________________
Encoder-Transformer-10-FeedForw (None, None, 768)    768         Encoder-Transformer-10-MultiHeadS
__________________________________________________________________________________________________
Encoder-Transformer-10-FeedForw (None, None, 768)    4718592     Encoder-Transformer-10-FeedForwar
__________________________________________________________________________________________________
Encoder-Transformer-10-FeedForw (None, None, 768)    0           Encoder-Transformer-10-FeedForwar
__________________________________________________________________________________________________
Encoder-Transformer-10-FeedForw (None, None, 768)    0           Encoder-Transformer-10-MultiHeadS
                                                                 Encoder-Transformer-10-FeedForwar
__________________________________________________________________________________________________
Encoder-Transformer-11-MultiHea (None, None, 768)    768         Encoder-Transformer-10-FeedForwar
__________________________________________________________________________________________________
Encoder-Transformer-11-MultiHea (None, None, 768)    2359296     Encoder-Transformer-11-MultiHeadS
                                                                 Encoder-Transformer-11-MultiHeadS
                                                                 Encoder-Transformer-11-MultiHeadS
                                                                 Encoder-Embedding-Relative-Positi
__________________________________________________________________________________________________
Encoder-Transformer-11-MultiHea (None, None, 768)    0           Encoder-Transformer-11-MultiHeadS
__________________________________________________________________________________________________
Encoder-Transformer-11-MultiHea (None, None, 768)    0           Encoder-Transformer-10-FeedForwar
                                                                 Encoder-Transformer-11-MultiHeadS
__________________________________________________________________________________________________
Encoder-Transformer-11-FeedForw (None, None, 768)    768         Encoder-Transformer-11-MultiHeadS
__________________________________________________________________________________________________
Encoder-Transformer-11-FeedForw (None, None, 768)    4718592     Encoder-Transformer-11-FeedForwar
__________________________________________________________________________________________________
Encoder-Transformer-11-FeedForw (None, None, 768)    0           Encoder-Transformer-11-FeedForwar
__________________________________________________________________________________________________
Encoder-Transformer-11-FeedForw (None, None, 768)    0           Encoder-Transformer-11-MultiHeadS
                                                                 Encoder-Transformer-11-FeedForwar
__________________________________________________________________________________________________
Encoder-Output-Norm (LayerNorma (None, None, 768)    768         Encoder-Transformer-11-FeedForwar
__________________________________________________________________________________________________
Encoder-Output-Dropout (Dropout (None, None, 768)    0           Encoder-Output-Norm[0][0]        
__________________________________________________________________________________________________
Encoder-Output-Masked (Lambda)  (None, None, 768)    0           Encoder-Output-Dropout[0][0]     
__________________________________________________________________________________________________
Decoder-Input-Token (InputLayer (None, None)         0                                            
__________________________________________________________________________________________________
T5_Decoder (Model)              (None, None, 50000)  190075008   Encoder-Output-Masked[0][0]      
                                                                 Decoder-Input-Token[0][0]        
==================================================================================================
Total params: 275,029,248
Trainable params: 275,029,248
Non-trainable params: 0
__________________________________________________________________________________________________
Epoch 1/8

 1/32 [..............................] - ETA: 34:06 - loss: 2.1773
 2/32 [>.............................] - ETA: 16:45 - loss: 2.1883
 3/32 [=>............................] - ETA: 10:58 - loss: 2.1648
 4/32 [==>...........................] - ETA: 8:03 - loss: 2.1748 
 5/32 [===>..........................] - ETA: 6:18 - loss: 2.1834
 6/32 [====>.........................] - ETA: 5:08 - loss: 2.1823
 7/32 [=====>........................] - ETA: 4:18 - loss: 2.1822
 8/32 [======>.......................] - ETA: 3:39 - loss: 2.1788
 9/32 [=======>......................] - ETA: 3:09 - loss: 2.1757
10/32 [========>.....................] - ETA: 2:45 - loss: 2.1747
11/32 [=========>....................] - ETA: 2:25 - loss: 2.1751
12/32 [==========>...................] - ETA: 2:08 - loss: 2.1744
13/32 [===========>..................] - ETA: 1:54 - loss: 2.1747
14/32 [============>.................] - ETA: 1:41 - loss: 2.1740
15/32 [=============>................] - ETA: 1:30 - loss: 2.1725
16/32 [==============>...............] - ETA: 1:21 - loss: 2.1713
17/32 [==============>...............] - ETA: 1:12 - loss: 2.1701
18/32 [===============>..............] - ETA: 1:04 - loss: 2.1698
19/32 [================>.............] - ETA: 57s - loss: 2.1664 
20/32 [=================>............] - ETA: 51s - loss: 2.1652
21/32 [==================>...........] - ETA: 45s - loss: 2.1641
22/32 [===================>..........] - ETA: 39s - loss: 2.1619
23/32 [====================>.........] - ETA: 34s - loss: 2.1591
24/32 [=====================>........] - ETA: 29s - loss: 2.1579
25/32 [======================>.......] - ETA: 25s - loss: 2.1559
26/32 [=======================>......] - ETA: 21s - loss: 2.1555
27/32 [========================>.....] - ETA: 17s - loss: 2.1545
28/32 [=========================>....] - ETA: 13s - loss: 2.1542
29/32 [==========================>...] - ETA: 9s - loss: 2.1532 
30/32 [===========================>..] - ETA: 6s - loss: 2.1517
31/32 [============================>.] - ETA: 3s - loss: 2.1509
32/32 [==============================] - 96s 3s/step - loss: 2.1507
Epoch 2/8

 1/32 [..............................] - ETA: 31s - loss: 2.0946
 2/32 [>.............................] - ETA: 29s - loss: 2.0852
 3/32 [=>............................] - ETA: 28s - loss: 2.0897
 4/32 [==>...........................] - ETA: 28s - loss: 2.0913
 5/32 [===>..........................] - ETA: 27s - loss: 2.0933
 6/32 [====>.........................] - ETA: 26s - loss: 2.0907
 7/32 [=====>........................] - ETA: 25s - loss: 2.0876
 8/32 [======>.......................] - ETA: 24s - loss: 2.0840
 9/32 [=======>......................] - ETA: 23s - loss: 2.0852
10/32 [========>.....................] - ETA: 22s - loss: 2.0852
11/32 [=========>....................] - ETA: 21s - loss: 2.0855
12/32 [==========>...................] - ETA: 20s - loss: 2.0870
13/32 [===========>..................] - ETA: 19s - loss: 2.0854
14/32 [============>.................] - ETA: 18s - loss: 2.0851
15/32 [=============>................] - ETA: 17s - loss: 2.0864
16/32 [==============>...............] - ETA: 16s - loss: 2.0853
17/32 [==============>...............] - ETA: 15s - loss: 2.0844
18/32 [===============>..............] - ETA: 14s - loss: 2.0848
19/32 [================>.............] - ETA: 13s - loss: 2.0865
20/32 [=================>............] - ETA: 12s - loss: 2.0861
21/32 [==================>...........] - ETA: 11s - loss: 2.0849
22/32 [===================>..........] - ETA: 10s - loss: 2.0844
23/32 [====================>.........] - ETA: 9s - loss: 2.0833 
24/32 [=====================>........] - ETA: 8s - loss: 2.0831
25/32 [======================>.......] - ETA: 7s - loss: 2.0819
26/32 [=======================>......] - ETA: 6s - loss: 2.0810
27/32 [========================>.....] - ETA: 5s - loss: 2.0793
28/32 [=========================>....] - ETA: 4s - loss: 2.0792
29/32 [==========================>...] - ETA: 3s - loss: 2.0777
30/32 [===========================>..] - ETA: 2s - loss: 2.0760
31/32 [============================>.] - ETA: 1s - loss: 2.0753
32/32 [==============================] - 31s 980ms/step - loss: 2.0758
Epoch 3/8

 1/32 [..............................] - ETA: 31s - loss: 2.0538
 2/32 [>.............................] - ETA: 29s - loss: 2.0507
 3/32 [=>............................] - ETA: 28s - loss: 2.0535
 4/32 [==>...........................] - ETA: 28s - loss: 2.0392
 5/32 [===>..........................] - ETA: 27s - loss: 2.0393
 6/32 [====>.........................] - ETA: 26s - loss: 2.0393
 7/32 [=====>........................] - ETA: 25s - loss: 2.0374
 8/32 [======>.......................] - ETA: 24s - loss: 2.0377
 9/32 [=======>......................] - ETA: 23s - loss: 2.0355
10/32 [========>.....................] - ETA: 21s - loss: 2.0370
11/32 [=========>....................] - ETA: 21s - loss: 2.0351
12/32 [==========>...................] - ETA: 19s - loss: 2.0359
13/32 [===========>..................] - ETA: 19s - loss: 2.0358
14/32 [============>.................] - ETA: 18s - loss: 2.0370
15/32 [=============>................] - ETA: 17s - loss: 2.0346
16/32 [==============>...............] - ETA: 15s - loss: 2.0349
17/32 [==============>...............] - ETA: 14s - loss: 2.0372
18/32 [===============>..............] - ETA: 13s - loss: 2.0374
19/32 [================>.............] - ETA: 12s - loss: 2.0372
20/32 [=================>............] - ETA: 11s - loss: 2.0356
21/32 [==================>...........] - ETA: 10s - loss: 2.0353
22/32 [===================>..........] - ETA: 10s - loss: 2.0343
23/32 [====================>.........] - ETA: 8s - loss: 2.0329 
24/32 [=====================>........] - ETA: 7s - loss: 2.0326
25/32 [======================>.......] - ETA: 6s - loss: 2.0316
26/32 [=======================>......] - ETA: 6s - loss: 2.0298
27/32 [========================>.....] - ETA: 4s - loss: 2.0282
28/32 [=========================>....] - ETA: 4s - loss: 2.0278
29/32 [==========================>...] - ETA: 2s - loss: 2.0275
30/32 [===========================>..] - ETA: 1s - loss: 2.0266
31/32 [============================>.] - ETA: 0s - loss: 2.0255
32/32 [==============================] - 31s 976ms/step - loss: 2.0266
Epoch 4/8

 1/32 [..............................] - ETA: 31s - loss: 1.9825
 2/32 [>.............................] - ETA: 30s - loss: 1.9758
 3/32 [=>............................] - ETA: 28s - loss: 1.9837
 4/32 [==>...........................] - ETA: 27s - loss: 1.9775
 5/32 [===>..........................] - ETA: 26s - loss: 1.9805
 6/32 [====>.........................] - ETA: 25s - loss: 1.9873
 7/32 [=====>........................] - ETA: 25s - loss: 1.9908
 8/32 [======>.......................] - ETA: 23s - loss: 1.9918
 9/32 [=======>......................] - ETA: 22s - loss: 1.9934
10/32 [========>.....................] - ETA: 21s - loss: 1.9958
11/32 [=========>....................] - ETA: 20s - loss: 1.9945
12/32 [==========>...................] - ETA: 20s - loss: 1.9906
13/32 [===========>..................] - ETA: 18s - loss: 1.9909
14/32 [============>.................] - ETA: 18s - loss: 1.9911
15/32 [=============>................] - ETA: 17s - loss: 1.9907
16/32 [==============>...............] - ETA: 16s - loss: 1.9920
17/32 [==============>...............] - ETA: 15s - loss: 1.9931
18/32 [===============>..............] - ETA: 14s - loss: 1.9954
19/32 [================>.............] - ETA: 13s - loss: 1.9969
20/32 [=================>............] - ETA: 12s - loss: 1.9974
21/32 [==================>...........] - ETA: 11s - loss: 1.9979
22/32 [===================>..........] - ETA: 10s - loss: 1.9995
23/32 [====================>.........] - ETA: 9s - loss: 1.9993 
24/32 [=====================>........] - ETA: 8s - loss: 1.9978
25/32 [======================>.......] - ETA: 7s - loss: 1.9980
26/32 [=======================>......] - ETA: 6s - loss: 1.9963
27/32 [========================>.....] - ETA: 5s - loss: 1.9971
28/32 [=========================>....] - ETA: 4s - loss: 1.9967
29/32 [==========================>...] - ETA: 3s - loss: 1.9951
30/32 [===========================>..] - ETA: 2s - loss: 1.9969
31/32 [============================>.] - ETA: 1s - loss: 1.9954
32/32 [==============================] - 32s 985ms/step - loss: 1.9931
Epoch 5/8

 1/32 [..............................] - ETA: 31s - loss: 1.9574
 2/32 [>.............................] - ETA: 30s - loss: 1.9879
 3/32 [=>............................] - ETA: 29s - loss: 1.9853
 4/32 [==>...........................] - ETA: 28s - loss: 1.9901
 5/32 [===>..........................] - ETA: 27s - loss: 1.9839
 6/32 [====>.........................] - ETA: 26s - loss: 1.9814
 7/32 [=====>........................] - ETA: 25s - loss: 1.9785
 8/32 [======>.......................] - ETA: 24s - loss: 1.9808
 9/32 [=======>......................] - ETA: 23s - loss: 1.9774
10/32 [========>.....................] - ETA: 22s - loss: 1.9797
11/32 [=========>....................] - ETA: 21s - loss: 1.9801
12/32 [==========>...................] - ETA: 20s - loss: 1.9802
13/32 [===========>..................] - ETA: 19s - loss: 1.9790
14/32 [============>.................] - ETA: 18s - loss: 1.9804
15/32 [=============>................] - ETA: 17s - loss: 1.9788
16/32 [==============>...............] - ETA: 16s - loss: 1.9806
17/32 [==============>...............] - ETA: 15s - loss: 1.9820
18/32 [===============>..............] - ETA: 14s - loss: 1.9807
19/32 [================>.............] - ETA: 13s - loss: 1.9799
20/32 [=================>............] - ETA: 12s - loss: 1.9801
21/32 [==================>...........] - ETA: 11s - loss: 1.9803
22/32 [===================>..........] - ETA: 10s - loss: 1.9792
23/32 [====================>.........] - ETA: 9s - loss: 1.9784 
24/32 [=====================>........] - ETA: 8s - loss: 1.9773
25/32 [======================>.......] - ETA: 7s - loss: 1.9779
26/32 [=======================>......] - ETA: 6s - loss: 1.9761
27/32 [========================>.....] - ETA: 5s - loss: 1.9757
28/32 [=========================>....] - ETA: 4s - loss: 1.9748
29/32 [==========================>...] - ETA: 3s - loss: 1.9759
30/32 [===========================>..] - ETA: 2s - loss: 1.9759
31/32 [============================>.] - ETA: 1s - loss: 1.9753
32/32 [==============================] - 31s 982ms/step - loss: 1.9736
Epoch 6/8

 1/32 [..............................] - ETA: 30s - loss: 1.9324
 2/32 [>.............................] - ETA: 30s - loss: 1.9706
 3/32 [=>............................] - ETA: 29s - loss: 1.9656
 4/32 [==>...........................] - ETA: 27s - loss: 1.9605
 5/32 [===>..........................] - ETA: 26s - loss: 1.9563
 6/32 [====>.........................] - ETA: 25s - loss: 1.9629
 7/32 [=====>........................] - ETA: 24s - loss: 1.9604
 8/32 [======>.......................] - ETA: 23s - loss: 1.9633
 9/32 [=======>......................] - ETA: 22s - loss: 1.9617
10/32 [========>.....................] - ETA: 21s - loss: 1.9630
11/32 [=========>....................] - ETA: 20s - loss: 1.9627
12/32 [==========>...................] - ETA: 19s - loss: 1.9615
13/32 [===========>..................] - ETA: 18s - loss: 1.9605
14/32 [============>.................] - ETA: 17s - loss: 1.9587
15/32 [=============>................] - ETA: 16s - loss: 1.9573
16/32 [==============>...............] - ETA: 15s - loss: 1.9587
17/32 [==============>...............] - ETA: 14s - loss: 1.9585
18/32 [===============>..............] - ETA: 13s - loss: 1.9593
19/32 [================>.............] - ETA: 12s - loss: 1.9585
20/32 [=================>............] - ETA: 11s - loss: 1.9591
21/32 [==================>...........] - ETA: 10s - loss: 1.9592
22/32 [===================>..........] - ETA: 9s - loss: 1.9591 
23/32 [====================>.........] - ETA: 8s - loss: 1.9593
24/32 [=====================>........] - ETA: 8s - loss: 1.9582
25/32 [======================>.......] - ETA: 7s - loss: 1.9586
26/32 [=======================>......] - ETA: 6s - loss: 1.9586
27/32 [========================>.....] - ETA: 5s - loss: 1.9578
28/32 [=========================>....] - ETA: 4s - loss: 1.9566
29/32 [==========================>...] - ETA: 3s - loss: 1.9572
30/32 [===========================>..] - ETA: 2s - loss: 1.9576
31/32 [============================>.] - ETA: 1s - loss: 1.9583
32/32 [==============================] - 32s 985ms/step - loss: 1.9589
Epoch 7/8

 1/32 [..............................] - ETA: 31s - loss: 1.9362
 2/32 [>.............................] - ETA: 30s - loss: 1.9439
 3/32 [=>............................] - ETA: 29s - loss: 1.9378
 4/32 [==>...........................] - ETA: 28s - loss: 1.9506
 5/32 [===>..........................] - ETA: 27s - loss: 1.9563
 6/32 [====>.........................] - ETA: 26s - loss: 1.9573
 7/32 [=====>........................] - ETA: 25s - loss: 1.9601
 8/32 [======>.......................] - ETA: 24s - loss: 1.9508
 9/32 [=======>......................] - ETA: 23s - loss: 1.9491
10/32 [========>.....................] - ETA: 22s - loss: 1.9486
11/32 [=========>....................] - ETA: 21s - loss: 1.9453
12/32 [==========>...................] - ETA: 20s - loss: 1.9475
13/32 [===========>..................] - ETA: 19s - loss: 1.9462
14/32 [============>.................] - ETA: 18s - loss: 1.9441
15/32 [=============>................] - ETA: 17s - loss: 1.9440
16/32 [==============>...............] - ETA: 16s - loss: 1.9420
17/32 [==============>...............] - ETA: 15s - loss: 1.9422
18/32 [===============>..............] - ETA: 14s - loss: 1.9399
19/32 [================>.............] - ETA: 13s - loss: 1.9411
20/32 [=================>............] - ETA: 12s - loss: 1.9392
21/32 [==================>...........] - ETA: 11s - loss: 1.9394
22/32 [===================>..........] - ETA: 10s - loss: 1.9413
23/32 [====================>.........] - ETA: 9s - loss: 1.9434 
24/32 [=====================>........] - ETA: 8s - loss: 1.9441
25/32 [======================>.......] - ETA: 7s - loss: 1.9446
26/32 [=======================>......] - ETA: 6s - loss: 1.9453
27/32 [========================>.....] - ETA: 5s - loss: 1.9457
28/32 [=========================>....] - ETA: 4s - loss: 1.9458
29/32 [==========================>...] - ETA: 2s - loss: 1.9458
30/32 [===========================>..] - ETA: 2s - loss: 1.9446
31/32 [============================>.] - ETA: 1s - loss: 1.9446
32/32 [==============================] - 31s 982ms/step - loss: 1.9454
  0%|                                                                                                                                                                                         | 0/24 [00:00<?, ?it/s]  4%|███████▍                                                                                                                                                                         | 1/24 [00:17<06:32, 17.07s/it]  8%|██████████████▊                                                                                                                                                                  | 2/24 [00:17<02:38,  7.20s/it] 12%|██████████████████████▏                                                                                                                                                          | 3/24 [00:18<01:28,  4.21s/it] 17%|█████████████████████████████▌                                                                                                                                                   | 4/24 [00:18<00:53,  2.69s/it] 21%|████████████████████████████████████▉                                                                                                                                            | 5/24 [00:19<00:39,  2.06s/it] 25%|████████████████████████████████████████████▎                                                                                                                                    | 6/24 [00:19<00:28,  1.59s/it] 29%|███████████████████████████████████████████████████▋                                                                                                                             | 7/24 [00:23<00:39,  2.32s/it] 33%|███████████████████████████████████████████████████████████                                                                                                                      | 8/24 [00:24<00:27,  1.70s/it] 38%|██████████████████████████████████████████████████████████████████▍                                                                                                              | 9/24 [00:27<00:35,  2.35s/it] 42%|█████████████████████████████████████████████████████████████████████████▎                                                                                                      | 10/24 [00:28<00:24,  1.72s/it] 46%|████████████████████████████████████████████████████████████████████████████████▋                                                                                               | 11/24 [00:31<00:28,  2.19s/it] 50%|████████████████████████████████████████████████████████████████████████████████████████                                                                                        | 12/24 [00:32<00:23,  1.93s/it] 54%|███████████████████████████████████████████████████████████████████████████████████████████████▎                                                                                | 13/24 [00:36<00:28,  2.57s/it] 58%|██████████████████████████████████████████████████████████████████████████████████████████████████████▋                                                                         | 14/24 [00:37<00:19,  1.96s/it] 62%|██████████████████████████████████████████████████████████████████████████████████████████████████████████████                                                                  | 15/24 [00:38<00:15,  1.73s/it] 67%|█████████████████████████████████████████████████████████████████████████████████████████████████████████████████████▎                                                          | 16/24 [00:42<00:19,  2.41s/it] 71%|████████████████████████████████████████████████████████████████████████████████████████████████████████████████████████████▋                                                   | 17/24 [00:45<00:18,  2.64s/it] 75%|████████████████████████████████████████████████████████████████████████████████████████████████████████████████████████████████████                                            | 18/24 [00:46<00:11,  1.96s/it] 79%|███████████████████████████████████████████████████████████████████████████████████████████████████████████████████████████████████████████▎                                    | 19/24 [00:47<00:08,  1.76s/it] 83%|██████████████████████████████████████████████████████████████████████████████████████████████████████████████████████████████████████████████████▋                             | 20/24 [00:50<00:09,  2.29s/it] 88%|██████████████████████████████████████████████████████████████████████████████████████████████████████████████████████████████████████████████████████████                      | 21/24 [00:51<00:05,  1.83s/it] 92%|█████████████████████████████████████████████████████████████████████████████████████████████████████████████████████████████████████████████████████████████████▎              | 22/24 [00:52<00:02,  1.42s/it] 96%|████████████████████████████████████████████████████████████████████████████████████████████████████████████████████████████████████████████████████████████████████████▋       | 23/24 [00:56<00:02,  2.23s/it]100%|████████████████████████████████████████████████████████████████████████████████████████████████████████████████████████████████████████████████████████████████████████████████| 24/24 [00:56<00:00,  1.74s/it]100%|████████████████████████████████████████████████████████████████████████████████████████████████████████████████████████████████████████████████████████████████████████████████| 24/24 [00:56<00:00,  2.37s/it]valid_data: {'rouge-1': 0.35549273052482855, 'rouge-2': 0.1881253660830097, 'rouge-l': 0.30214957200139947, 'bleu': 0.06672238728031661, 'xx': 6.413004512129506, 'best_bleu': 6.413004512129506}
Epoch 8/8

 1/32 [..............................] - ETA: 32s - loss: 1.9407
 2/32 [>.............................] - ETA: 31s - loss: 1.9369
 3/32 [=>............................] - ETA: 29s - loss: 1.9444
 4/32 [==>...........................] - ETA: 28s - loss: 1.9420
 5/32 [===>..........................] - ETA: 27s - loss: 1.9330
 6/32 [====>.........................] - ETA: 26s - loss: 1.9385
 7/32 [=====>........................] - ETA: 25s - loss: 1.9329
 8/32 [======>.......................] - ETA: 24s - loss: 1.9296
 9/32 [=======>......................] - ETA: 23s - loss: 1.9271
10/32 [========>.....................] - ETA: 21s - loss: 1.9268
11/32 [=========>....................] - ETA: 20s - loss: 1.9286
12/32 [==========>...................] - ETA: 19s - loss: 1.9293
13/32 [===========>..................] - ETA: 18s - loss: 1.9306
14/32 [============>.................] - ETA: 18s - loss: 1.9314
15/32 [=============>................] - ETA: 17s - loss: 1.9352
16/32 [==============>...............] - ETA: 16s - loss: 1.9360
17/32 [==============>...............] - ETA: 15s - loss: 1.9377
18/32 [===============>..............] - ETA: 14s - loss: 1.9359
19/32 [================>.............] - ETA: 13s - loss: 1.9326
20/32 [=================>............] - ETA: 12s - loss: 1.9308
21/32 [==================>...........] - ETA: 11s - loss: 1.9319
22/32 [===================>..........] - ETA: 10s - loss: 1.9333
23/32 [====================>.........] - ETA: 9s - loss: 1.9334 
24/32 [=====================>........] - ETA: 7s - loss: 1.9316
25/32 [======================>.......] - ETA: 7s - loss: 1.9321
26/32 [=======================>......] - ETA: 5s - loss: 1.9326
27/32 [========================>.....] - ETA: 5s - loss: 1.9327
28/32 [=========================>....] - ETA: 3s - loss: 1.9335
29/32 [==========================>...] - ETA: 3s - loss: 1.9332
30/32 [===========================>..] - ETA: 2s - loss: 1.9336
31/32 [============================>.] - ETA: 1s - loss: 1.9334
32/32 [==============================] - 31s 982ms/step - loss: 1.9320

  0%|                                                                                                                                                                                         | 0/24 [00:00<?, ?it/s]  4%|███████▍                                                                                                                                                                         | 1/24 [00:00<00:21,  1.05it/s]  8%|██████████████▊                                                                                                                                                                  | 2/24 [00:01<00:12,  1.78it/s] 12%|██████████████████████▏                                                                                                                                                          | 3/24 [00:02<00:14,  1.45it/s] 17%|█████████████████████████████▌                                                                                                                                                   | 4/24 [00:02<00:10,  1.85it/s] 21%|████████████████████████████████████▉                                                                                                                                            | 5/24 [00:03<00:13,  1.41it/s] 25%|████████████████████████████████████████████▎                                                                                                                                    | 6/24 [00:04<00:12,  1.42it/s] 29%|███████████████████████████████████████████████████▋                                                                                                                             | 7/24 [00:07<00:26,  1.57s/it] 33%|███████████████████████████████████████████████████████████                                                                                                                      | 8/24 [00:08<00:20,  1.28s/it] 38%|██████████████████████████████████████████████████████████████████▍                                                                                                              | 9/24 [00:11<00:31,  2.08s/it] 42%|█████████████████████████████████████████████████████████████████████████▎                                                                                                      | 10/24 [00:12<00:21,  1.52s/it] 46%|████████████████████████████████████████████████████████████████████████████████▋                                                                                               | 11/24 [00:16<00:29,  2.30s/it] 50%|████████████████████████████████████████████████████████████████████████████████████████                                                                                        | 12/24 [00:17<00:23,  1.99s/it] 54%|███████████████████████████████████████████████████████████████████████████████████████████████▎                                                                                | 13/24 [00:21<00:28,  2.61s/it] 58%|██████████████████████████████████████████████████████████████████████████████████████████████████████▋                                                                         | 14/24 [00:22<00:21,  2.16s/it] 62%|██████████████████████████████████████████████████████████████████████████████████████████████████████████████                                                                  | 15/24 [00:23<00:15,  1.75s/it] 67%|█████████████████████████████████████████████████████████████████████████████████████████████████████████████████████▎                                                          | 16/24 [00:27<00:19,  2.48s/it] 71%|████████████████████████████████████████████████████████████████████████████████████████████████████████████████████████████▋                                                   | 17/24 [00:31<00:20,  2.99s/it] 75%|████████████████████████████████████████████████████████████████████████████████████████████████████████████████████████████████████                                            | 18/24 [00:32<00:13,  2.21s/it] 79%|███████████████████████████████████████████████████████████████████████████████████████████████████████████████████████████████████████████▎                                    | 19/24 [00:33<00:09,  1.94s/it] 83%|██████████████████████████████████████████████████████████████████████████████████████████████████████████████████████████████████████████████████▋                             | 20/24 [00:37<00:09,  2.44s/it] 88%|██████████████████████████████████████████████████████████████████████████████████████████████████████████████████████████████████████████████████████████                      | 21/24 [00:40<00:08,  2.71s/it] 92%|█████████████████████████████████████████████████████████████████████████████████████████████████████████████████████████████████████████████████████████████████▎              | 22/24 [00:40<00:04,  2.03s/it] 96%|████████████████████████████████████████████████████████████████████████████████████████████████████████████████████████████████████████████████████████████████████████▋       | 23/24 [00:44<00:02,  2.45s/it]100%|████████████████████████████████████████████████████████████████████████████████████████████████████████████████████████████████████████████████████████████████████████████████| 24/24 [00:44<00:00,  1.89s/it]100%|████████████████████████████████████████████████████████████████████████████████████████████████████████████████████████████████████████████████████████████████████████████████| 24/24 [00:44<00:00,  1.87s/it]
valid_data: {'rouge-1': 0.3619227577623268, 'rouge-2': 0.1863819469634542, 'rouge-l': 0.3136217157818777, 'bleu': 0.07124143279923427, 'xx': 6.537264399614355, 'best_bleu': 6.537264399614355}
python: can't open file 'conmmon_ce.py': [Errno 2] No such file or directory
/opt/conda/envs/tf1.14/lib/python3.7/site-packages/tensorflow/python/framework/dtypes.py:516: FutureWarning: Passing (type, 1) or '1type' as a synonym of type is deprecated; in a future version of numpy, it will be understood as (type, (1,)) / '(1,)type'.
  _np_qint8 = np.dtype([("qint8", np.int8, 1)])
/opt/conda/envs/tf1.14/lib/python3.7/site-packages/tensorflow/python/framework/dtypes.py:517: FutureWarning: Passing (type, 1) or '1type' as a synonym of type is deprecated; in a future version of numpy, it will be understood as (type, (1,)) / '(1,)type'.
  _np_quint8 = np.dtype([("quint8", np.uint8, 1)])
/opt/conda/envs/tf1.14/lib/python3.7/site-packages/tensorflow/python/framework/dtypes.py:518: FutureWarning: Passing (type, 1) or '1type' as a synonym of type is deprecated; in a future version of numpy, it will be understood as (type, (1,)) / '(1,)type'.
  _np_qint16 = np.dtype([("qint16", np.int16, 1)])
/opt/conda/envs/tf1.14/lib/python3.7/site-packages/tensorflow/python/framework/dtypes.py:519: FutureWarning: Passing (type, 1) or '1type' as a synonym of type is deprecated; in a future version of numpy, it will be understood as (type, (1,)) / '(1,)type'.
  _np_quint16 = np.dtype([("quint16", np.uint16, 1)])
/opt/conda/envs/tf1.14/lib/python3.7/site-packages/tensorflow/python/framework/dtypes.py:520: FutureWarning: Passing (type, 1) or '1type' as a synonym of type is deprecated; in a future version of numpy, it will be understood as (type, (1,)) / '(1,)type'.
  _np_qint32 = np.dtype([("qint32", np.int32, 1)])
/opt/conda/envs/tf1.14/lib/python3.7/site-packages/tensorflow/python/framework/dtypes.py:525: FutureWarning: Passing (type, 1) or '1type' as a synonym of type is deprecated; in a future version of numpy, it will be understood as (type, (1,)) / '(1,)type'.
  np_resource = np.dtype([("resource", np.ubyte, 1)])
Using TensorFlow backend.
Building prefix dict from the default dictionary ...
Loading model from cache /tmp/jieba.cache
Loading model cost 0.737 seconds.
Prefix dict has been built successfully.
WARNING:tensorflow:From /root/.local/lib/python3.7/site-packages/keras/backend/tensorflow_backend.py:3170: add_dispatch_support.<locals>.wrapper (from tensorflow.python.ops.array_ops) is deprecated and will be removed in a future version.
Instructions for updating:
Use tf.where in 2.0, which has the same broadcast rule as np.where
2021-11-06 11:25:49.608151: I tensorflow/core/platform/cpu_feature_guard.cc:142] Your CPU supports instructions that this TensorFlow binary was not compiled to use: SSE4.1 SSE4.2 AVX AVX2 AVX512F FMA
2021-11-06 11:25:49.628132: I tensorflow/core/platform/profile_utils/cpu_utils.cc:94] CPU Frequency: 2300000000 Hz
2021-11-06 11:25:49.628554: I tensorflow/compiler/xla/service/service.cc:168] XLA service 0x55ce526d46e0 executing computations on platform Host. Devices:
2021-11-06 11:25:49.628631: I tensorflow/compiler/xla/service/service.cc:175]   StreamExecutor device (0): <undefined>, <undefined>
2021-11-06 11:25:49.629796: I tensorflow/stream_executor/platform/default/dso_loader.cc:42] Successfully opened dynamic library libcuda.so.1
2021-11-06 11:25:49.709288: I tensorflow/core/common_runtime/gpu/gpu_device.cc:1640] Found device 0 with properties: 
name: Tesla V100-PCIE-32GB major: 7 minor: 0 memoryClockRate(GHz): 1.38
pciBusID: 0000:b5:00.0
2021-11-06 11:25:49.709616: I tensorflow/stream_executor/platform/default/dso_loader.cc:42] Successfully opened dynamic library libcudart.so.10.1
2021-11-06 11:25:49.711425: I tensorflow/stream_executor/platform/default/dso_loader.cc:42] Successfully opened dynamic library libcublas.so.10
2021-11-06 11:25:49.713268: I tensorflow/stream_executor/platform/default/dso_loader.cc:42] Successfully opened dynamic library libcufft.so.10
2021-11-06 11:25:49.713640: I tensorflow/stream_executor/platform/default/dso_loader.cc:42] Successfully opened dynamic library libcurand.so.10
2021-11-06 11:25:49.715576: I tensorflow/stream_executor/platform/default/dso_loader.cc:42] Successfully opened dynamic library libcusolver.so.10
2021-11-06 11:25:49.716738: I tensorflow/stream_executor/platform/default/dso_loader.cc:42] Successfully opened dynamic library libcusparse.so.10
2021-11-06 11:25:49.721191: I tensorflow/stream_executor/platform/default/dso_loader.cc:42] Successfully opened dynamic library libcudnn.so.7
2021-11-06 11:25:49.724883: I tensorflow/core/common_runtime/gpu/gpu_device.cc:1763] Adding visible gpu devices: 0
2021-11-06 11:25:49.724972: I tensorflow/stream_executor/platform/default/dso_loader.cc:42] Successfully opened dynamic library libcudart.so.10.1
2021-11-06 11:25:49.885448: I tensorflow/core/common_runtime/gpu/gpu_device.cc:1181] Device interconnect StreamExecutor with strength 1 edge matrix:
2021-11-06 11:25:49.885557: I tensorflow/core/common_runtime/gpu/gpu_device.cc:1187]      0 
2021-11-06 11:25:49.885662: I tensorflow/core/common_runtime/gpu/gpu_device.cc:1200] 0:   N 
2021-11-06 11:25:49.891095: I tensorflow/core/common_runtime/gpu/gpu_device.cc:1326] Created TensorFlow device (/job:localhost/replica:0/task:0/device:GPU:0 with 30591 MB memory) -> physical GPU (device: 0, name: Tesla V100-PCIE-32GB, pci bus id: 0000:b5:00.0, compute capability: 7.0)
2021-11-06 11:25:49.892988: I tensorflow/compiler/xla/service/service.cc:168] XLA service 0x55ce8ff80100 executing computations on platform CUDA. Devices:
2021-11-06 11:25:49.893066: I tensorflow/compiler/xla/service/service.cc:175]   StreamExecutor device (0): Tesla V100-PCIE-32GB, Compute Capability 7.0
500
24
Model: "model_1"
__________________________________________________________________________________________________
Layer (type)                    Output Shape         Param #     Connected to                     
==================================================================================================
Encoder-Input-Token (InputLayer (None, None)         0                                            
__________________________________________________________________________________________________
Embedding-Token (Embedding)     (None, None, 768)    38400000    Encoder-Input-Token[0][0]        
__________________________________________________________________________________________________
Encoder-Embedding-Dropout (Drop (None, None, 768)    0           Embedding-Token[0][0]            
__________________________________________________________________________________________________
Encoder-Transformer-0-MultiHead (None, None, 768)    768         Encoder-Embedding-Dropout[0][0]  
__________________________________________________________________________________________________
Encoder-Embedding-Relative-Posi (None, None, 12)     384         Encoder-Embedding-Dropout[0][0]  
                                                                 Encoder-Embedding-Dropout[0][0]  
__________________________________________________________________________________________________
Encoder-Transformer-0-MultiHead (None, None, 768)    2359296     Encoder-Transformer-0-MultiHeadSe
                                                                 Encoder-Transformer-0-MultiHeadSe
                                                                 Encoder-Transformer-0-MultiHeadSe
                                                                 Encoder-Embedding-Relative-Positi
__________________________________________________________________________________________________
Encoder-Transformer-0-MultiHead (None, None, 768)    0           Encoder-Transformer-0-MultiHeadSe
__________________________________________________________________________________________________
Encoder-Transformer-0-MultiHead (None, None, 768)    0           Encoder-Embedding-Dropout[0][0]  
                                                                 Encoder-Transformer-0-MultiHeadSe
__________________________________________________________________________________________________
Encoder-Transformer-0-FeedForwa (None, None, 768)    768         Encoder-Transformer-0-MultiHeadSe
__________________________________________________________________________________________________
Encoder-Transformer-0-FeedForwa (None, None, 768)    4718592     Encoder-Transformer-0-FeedForward
__________________________________________________________________________________________________
Encoder-Transformer-0-FeedForwa (None, None, 768)    0           Encoder-Transformer-0-FeedForward
__________________________________________________________________________________________________
Encoder-Transformer-0-FeedForwa (None, None, 768)    0           Encoder-Transformer-0-MultiHeadSe
                                                                 Encoder-Transformer-0-FeedForward
__________________________________________________________________________________________________
Encoder-Transformer-1-MultiHead (None, None, 768)    768         Encoder-Transformer-0-FeedForward
__________________________________________________________________________________________________
Encoder-Transformer-1-MultiHead (None, None, 768)    2359296     Encoder-Transformer-1-MultiHeadSe
                                                                 Encoder-Transformer-1-MultiHeadSe
                                                                 Encoder-Transformer-1-MultiHeadSe
                                                                 Encoder-Embedding-Relative-Positi
__________________________________________________________________________________________________
Encoder-Transformer-1-MultiHead (None, None, 768)    0           Encoder-Transformer-1-MultiHeadSe
__________________________________________________________________________________________________
Encoder-Transformer-1-MultiHead (None, None, 768)    0           Encoder-Transformer-0-FeedForward
                                                                 Encoder-Transformer-1-MultiHeadSe
__________________________________________________________________________________________________
Encoder-Transformer-1-FeedForwa (None, None, 768)    768         Encoder-Transformer-1-MultiHeadSe
__________________________________________________________________________________________________
Encoder-Transformer-1-FeedForwa (None, None, 768)    4718592     Encoder-Transformer-1-FeedForward
__________________________________________________________________________________________________
Encoder-Transformer-1-FeedForwa (None, None, 768)    0           Encoder-Transformer-1-FeedForward
__________________________________________________________________________________________________
Encoder-Transformer-1-FeedForwa (None, None, 768)    0           Encoder-Transformer-1-MultiHeadSe
                                                                 Encoder-Transformer-1-FeedForward
__________________________________________________________________________________________________
Encoder-Transformer-2-MultiHead (None, None, 768)    768         Encoder-Transformer-1-FeedForward
__________________________________________________________________________________________________
Encoder-Transformer-2-MultiHead (None, None, 768)    2359296     Encoder-Transformer-2-MultiHeadSe
                                                                 Encoder-Transformer-2-MultiHeadSe
                                                                 Encoder-Transformer-2-MultiHeadSe
                                                                 Encoder-Embedding-Relative-Positi
__________________________________________________________________________________________________
Encoder-Transformer-2-MultiHead (None, None, 768)    0           Encoder-Transformer-2-MultiHeadSe
__________________________________________________________________________________________________
Encoder-Transformer-2-MultiHead (None, None, 768)    0           Encoder-Transformer-1-FeedForward
                                                                 Encoder-Transformer-2-MultiHeadSe
__________________________________________________________________________________________________
Encoder-Transformer-2-FeedForwa (None, None, 768)    768         Encoder-Transformer-2-MultiHeadSe
__________________________________________________________________________________________________
Encoder-Transformer-2-FeedForwa (None, None, 768)    4718592     Encoder-Transformer-2-FeedForward
__________________________________________________________________________________________________
Encoder-Transformer-2-FeedForwa (None, None, 768)    0           Encoder-Transformer-2-FeedForward
__________________________________________________________________________________________________
Encoder-Transformer-2-FeedForwa (None, None, 768)    0           Encoder-Transformer-2-MultiHeadSe
                                                                 Encoder-Transformer-2-FeedForward
__________________________________________________________________________________________________
Encoder-Transformer-3-MultiHead (None, None, 768)    768         Encoder-Transformer-2-FeedForward
__________________________________________________________________________________________________
Encoder-Transformer-3-MultiHead (None, None, 768)    2359296     Encoder-Transformer-3-MultiHeadSe
                                                                 Encoder-Transformer-3-MultiHeadSe
                                                                 Encoder-Transformer-3-MultiHeadSe
                                                                 Encoder-Embedding-Relative-Positi
__________________________________________________________________________________________________
Encoder-Transformer-3-MultiHead (None, None, 768)    0           Encoder-Transformer-3-MultiHeadSe
__________________________________________________________________________________________________
Encoder-Transformer-3-MultiHead (None, None, 768)    0           Encoder-Transformer-2-FeedForward
                                                                 Encoder-Transformer-3-MultiHeadSe
__________________________________________________________________________________________________
Encoder-Transformer-3-FeedForwa (None, None, 768)    768         Encoder-Transformer-3-MultiHeadSe
__________________________________________________________________________________________________
Encoder-Transformer-3-FeedForwa (None, None, 768)    4718592     Encoder-Transformer-3-FeedForward
__________________________________________________________________________________________________
Encoder-Transformer-3-FeedForwa (None, None, 768)    0           Encoder-Transformer-3-FeedForward
__________________________________________________________________________________________________
Encoder-Transformer-3-FeedForwa (None, None, 768)    0           Encoder-Transformer-3-MultiHeadSe
                                                                 Encoder-Transformer-3-FeedForward
__________________________________________________________________________________________________
Encoder-Transformer-4-MultiHead (None, None, 768)    768         Encoder-Transformer-3-FeedForward
__________________________________________________________________________________________________
Encoder-Transformer-4-MultiHead (None, None, 768)    2359296     Encoder-Transformer-4-MultiHeadSe
                                                                 Encoder-Transformer-4-MultiHeadSe
                                                                 Encoder-Transformer-4-MultiHeadSe
                                                                 Encoder-Embedding-Relative-Positi
__________________________________________________________________________________________________
Encoder-Transformer-4-MultiHead (None, None, 768)    0           Encoder-Transformer-4-MultiHeadSe
__________________________________________________________________________________________________
Encoder-Transformer-4-MultiHead (None, None, 768)    0           Encoder-Transformer-3-FeedForward
                                                                 Encoder-Transformer-4-MultiHeadSe
__________________________________________________________________________________________________
Encoder-Transformer-4-FeedForwa (None, None, 768)    768         Encoder-Transformer-4-MultiHeadSe
__________________________________________________________________________________________________
Encoder-Transformer-4-FeedForwa (None, None, 768)    4718592     Encoder-Transformer-4-FeedForward
__________________________________________________________________________________________________
Encoder-Transformer-4-FeedForwa (None, None, 768)    0           Encoder-Transformer-4-FeedForward
__________________________________________________________________________________________________
Encoder-Transformer-4-FeedForwa (None, None, 768)    0           Encoder-Transformer-4-MultiHeadSe
                                                                 Encoder-Transformer-4-FeedForward
__________________________________________________________________________________________________
Encoder-Transformer-5-MultiHead (None, None, 768)    768         Encoder-Transformer-4-FeedForward
__________________________________________________________________________________________________
Encoder-Transformer-5-MultiHead (None, None, 768)    2359296     Encoder-Transformer-5-MultiHeadSe
                                                                 Encoder-Transformer-5-MultiHeadSe
                                                                 Encoder-Transformer-5-MultiHeadSe
                                                                 Encoder-Embedding-Relative-Positi
__________________________________________________________________________________________________
Encoder-Transformer-5-MultiHead (None, None, 768)    0           Encoder-Transformer-5-MultiHeadSe
__________________________________________________________________________________________________
Encoder-Transformer-5-MultiHead (None, None, 768)    0           Encoder-Transformer-4-FeedForward
                                                                 Encoder-Transformer-5-MultiHeadSe
__________________________________________________________________________________________________
Encoder-Transformer-5-FeedForwa (None, None, 768)    768         Encoder-Transformer-5-MultiHeadSe
__________________________________________________________________________________________________
Encoder-Transformer-5-FeedForwa (None, None, 768)    4718592     Encoder-Transformer-5-FeedForward
__________________________________________________________________________________________________
Encoder-Transformer-5-FeedForwa (None, None, 768)    0           Encoder-Transformer-5-FeedForward
__________________________________________________________________________________________________
Encoder-Transformer-5-FeedForwa (None, None, 768)    0           Encoder-Transformer-5-MultiHeadSe
                                                                 Encoder-Transformer-5-FeedForward
__________________________________________________________________________________________________
Encoder-Transformer-6-MultiHead (None, None, 768)    768         Encoder-Transformer-5-FeedForward
__________________________________________________________________________________________________
Encoder-Transformer-6-MultiHead (None, None, 768)    2359296     Encoder-Transformer-6-MultiHeadSe
                                                                 Encoder-Transformer-6-MultiHeadSe
                                                                 Encoder-Transformer-6-MultiHeadSe
                                                                 Encoder-Embedding-Relative-Positi
__________________________________________________________________________________________________
Encoder-Transformer-6-MultiHead (None, None, 768)    0           Encoder-Transformer-6-MultiHeadSe
__________________________________________________________________________________________________
Encoder-Transformer-6-MultiHead (None, None, 768)    0           Encoder-Transformer-5-FeedForward
                                                                 Encoder-Transformer-6-MultiHeadSe
__________________________________________________________________________________________________
Encoder-Transformer-6-FeedForwa (None, None, 768)    768         Encoder-Transformer-6-MultiHeadSe
__________________________________________________________________________________________________
Encoder-Transformer-6-FeedForwa (None, None, 768)    4718592     Encoder-Transformer-6-FeedForward
__________________________________________________________________________________________________
Encoder-Transformer-6-FeedForwa (None, None, 768)    0           Encoder-Transformer-6-FeedForward
__________________________________________________________________________________________________
Encoder-Transformer-6-FeedForwa (None, None, 768)    0           Encoder-Transformer-6-MultiHeadSe
                                                                 Encoder-Transformer-6-FeedForward
__________________________________________________________________________________________________
Encoder-Transformer-7-MultiHead (None, None, 768)    768         Encoder-Transformer-6-FeedForward
__________________________________________________________________________________________________
Encoder-Transformer-7-MultiHead (None, None, 768)    2359296     Encoder-Transformer-7-MultiHeadSe
                                                                 Encoder-Transformer-7-MultiHeadSe
                                                                 Encoder-Transformer-7-MultiHeadSe
                                                                 Encoder-Embedding-Relative-Positi
__________________________________________________________________________________________________
Encoder-Transformer-7-MultiHead (None, None, 768)    0           Encoder-Transformer-7-MultiHeadSe
__________________________________________________________________________________________________
Encoder-Transformer-7-MultiHead (None, None, 768)    0           Encoder-Transformer-6-FeedForward
                                                                 Encoder-Transformer-7-MultiHeadSe
__________________________________________________________________________________________________
Encoder-Transformer-7-FeedForwa (None, None, 768)    768         Encoder-Transformer-7-MultiHeadSe
__________________________________________________________________________________________________
Encoder-Transformer-7-FeedForwa (None, None, 768)    4718592     Encoder-Transformer-7-FeedForward
__________________________________________________________________________________________________
Encoder-Transformer-7-FeedForwa (None, None, 768)    0           Encoder-Transformer-7-FeedForward
__________________________________________________________________________________________________
Encoder-Transformer-7-FeedForwa (None, None, 768)    0           Encoder-Transformer-7-MultiHeadSe
                                                                 Encoder-Transformer-7-FeedForward
__________________________________________________________________________________________________
Encoder-Transformer-8-MultiHead (None, None, 768)    768         Encoder-Transformer-7-FeedForward
__________________________________________________________________________________________________
Encoder-Transformer-8-MultiHead (None, None, 768)    2359296     Encoder-Transformer-8-MultiHeadSe
                                                                 Encoder-Transformer-8-MultiHeadSe
                                                                 Encoder-Transformer-8-MultiHeadSe
                                                                 Encoder-Embedding-Relative-Positi
__________________________________________________________________________________________________
Encoder-Transformer-8-MultiHead (None, None, 768)    0           Encoder-Transformer-8-MultiHeadSe
__________________________________________________________________________________________________
Encoder-Transformer-8-MultiHead (None, None, 768)    0           Encoder-Transformer-7-FeedForward
                                                                 Encoder-Transformer-8-MultiHeadSe
__________________________________________________________________________________________________
Encoder-Transformer-8-FeedForwa (None, None, 768)    768         Encoder-Transformer-8-MultiHeadSe
__________________________________________________________________________________________________
Encoder-Transformer-8-FeedForwa (None, None, 768)    4718592     Encoder-Transformer-8-FeedForward
__________________________________________________________________________________________________
Encoder-Transformer-8-FeedForwa (None, None, 768)    0           Encoder-Transformer-8-FeedForward
__________________________________________________________________________________________________
Encoder-Transformer-8-FeedForwa (None, None, 768)    0           Encoder-Transformer-8-MultiHeadSe
                                                                 Encoder-Transformer-8-FeedForward
__________________________________________________________________________________________________
Encoder-Transformer-9-MultiHead (None, None, 768)    768         Encoder-Transformer-8-FeedForward
__________________________________________________________________________________________________
Encoder-Transformer-9-MultiHead (None, None, 768)    2359296     Encoder-Transformer-9-MultiHeadSe
                                                                 Encoder-Transformer-9-MultiHeadSe
                                                                 Encoder-Transformer-9-MultiHeadSe
                                                                 Encoder-Embedding-Relative-Positi
__________________________________________________________________________________________________
Encoder-Transformer-9-MultiHead (None, None, 768)    0           Encoder-Transformer-9-MultiHeadSe
__________________________________________________________________________________________________
Encoder-Transformer-9-MultiHead (None, None, 768)    0           Encoder-Transformer-8-FeedForward
                                                                 Encoder-Transformer-9-MultiHeadSe
__________________________________________________________________________________________________
Encoder-Transformer-9-FeedForwa (None, None, 768)    768         Encoder-Transformer-9-MultiHeadSe
__________________________________________________________________________________________________
Encoder-Transformer-9-FeedForwa (None, None, 768)    4718592     Encoder-Transformer-9-FeedForward
__________________________________________________________________________________________________
Encoder-Transformer-9-FeedForwa (None, None, 768)    0           Encoder-Transformer-9-FeedForward
__________________________________________________________________________________________________
Encoder-Transformer-9-FeedForwa (None, None, 768)    0           Encoder-Transformer-9-MultiHeadSe
                                                                 Encoder-Transformer-9-FeedForward
__________________________________________________________________________________________________
Encoder-Transformer-10-MultiHea (None, None, 768)    768         Encoder-Transformer-9-FeedForward
__________________________________________________________________________________________________
Encoder-Transformer-10-MultiHea (None, None, 768)    2359296     Encoder-Transformer-10-MultiHeadS
                                                                 Encoder-Transformer-10-MultiHeadS
                                                                 Encoder-Transformer-10-MultiHeadS
                                                                 Encoder-Embedding-Relative-Positi
__________________________________________________________________________________________________
Encoder-Transformer-10-MultiHea (None, None, 768)    0           Encoder-Transformer-10-MultiHeadS
__________________________________________________________________________________________________
Encoder-Transformer-10-MultiHea (None, None, 768)    0           Encoder-Transformer-9-FeedForward
                                                                 Encoder-Transformer-10-MultiHeadS
__________________________________________________________________________________________________
Encoder-Transformer-10-FeedForw (None, None, 768)    768         Encoder-Transformer-10-MultiHeadS
__________________________________________________________________________________________________
Encoder-Transformer-10-FeedForw (None, None, 768)    4718592     Encoder-Transformer-10-FeedForwar
__________________________________________________________________________________________________
Encoder-Transformer-10-FeedForw (None, None, 768)    0           Encoder-Transformer-10-FeedForwar
__________________________________________________________________________________________________
Encoder-Transformer-10-FeedForw (None, None, 768)    0           Encoder-Transformer-10-MultiHeadS
                                                                 Encoder-Transformer-10-FeedForwar
__________________________________________________________________________________________________
Encoder-Transformer-11-MultiHea (None, None, 768)    768         Encoder-Transformer-10-FeedForwar
__________________________________________________________________________________________________
Encoder-Transformer-11-MultiHea (None, None, 768)    2359296     Encoder-Transformer-11-MultiHeadS
                                                                 Encoder-Transformer-11-MultiHeadS
                                                                 Encoder-Transformer-11-MultiHeadS
                                                                 Encoder-Embedding-Relative-Positi
__________________________________________________________________________________________________
Encoder-Transformer-11-MultiHea (None, None, 768)    0           Encoder-Transformer-11-MultiHeadS
__________________________________________________________________________________________________
Encoder-Transformer-11-MultiHea (None, None, 768)    0           Encoder-Transformer-10-FeedForwar
                                                                 Encoder-Transformer-11-MultiHeadS
__________________________________________________________________________________________________
Encoder-Transformer-11-FeedForw (None, None, 768)    768         Encoder-Transformer-11-MultiHeadS
__________________________________________________________________________________________________
Encoder-Transformer-11-FeedForw (None, None, 768)    4718592     Encoder-Transformer-11-FeedForwar
__________________________________________________________________________________________________
Encoder-Transformer-11-FeedForw (None, None, 768)    0           Encoder-Transformer-11-FeedForwar
__________________________________________________________________________________________________
Encoder-Transformer-11-FeedForw (None, None, 768)    0           Encoder-Transformer-11-MultiHeadS
                                                                 Encoder-Transformer-11-FeedForwar
__________________________________________________________________________________________________
Encoder-Output-Norm (LayerNorma (None, None, 768)    768         Encoder-Transformer-11-FeedForwar
__________________________________________________________________________________________________
Encoder-Output-Dropout (Dropout (None, None, 768)    0           Encoder-Output-Norm[0][0]        
__________________________________________________________________________________________________
Encoder-Output-Masked (Lambda)  (None, None, 768)    0           Encoder-Output-Dropout[0][0]     
__________________________________________________________________________________________________
Decoder-Input-Token (InputLayer (None, None)         0                                            
__________________________________________________________________________________________________
T5_Decoder (Model)              (None, None, 50000)  190075008   Encoder-Output-Masked[0][0]      
                                                                 Decoder-Input-Token[0][0]        
==================================================================================================
Total params: 275,029,248
Trainable params: 275,029,248
Non-trainable params: 0
__________________________________________________________________________________________________
Traceback (most recent call last):
  File "ce_r-drop.py", line 203, in <module>
    output = CrossEntropy(1)([model.inputs[1], model.outputs[0]])
  File "/root/.local/lib/python3.7/site-packages/keras/engine/base_layer.py", line 489, in __call__
    output = self.call(inputs, **kwargs)
  File "/root/.local/lib/python3.7/site-packages/bert4keras/layers.py", line 1263, in call
    loss = self.compute_loss(inputs, mask)
  File "ce_r-drop.py", line 163, in compute_loss
    loss1 = K.sum(loss * y_mask) / K.sum(y_mask)
NameError: name 'loss' is not defined
